SF:lib/core/local/db/local_schema_migrator.dart
DA:4,3
DA:5,3
DA:15,3
DA:32,3
LF:4
LH:4
end_of_record
SF:lib/core/sync/data/offline_outbox_event_factory.dart
DA:6,5
DA:10,4
DA:15,12
DA:17,4
DA:26,2
DA:31,6
DA:33,2
DA:42,4
DA:49,4
DA:51,8
DA:53,4
DA:56,4
DA:66,0
LF:13
LH:12
end_of_record
SF:lib/core/sync/domain/sync_outbox_event.dart
DA:6,8
DA:34,4
LF:2
LH:2
end_of_record
SF:lib/features/mileage/data/offline_first_mileage_repository.dart
DA:7,3
DA:13,3
DA:21,2
DA:23,2
DA:24,4
DA:26,2
DA:27,2
DA:29,4
DA:32,4
DA:38,1
DA:40,1
DA:41,2
DA:44,1
DA:46,2
DA:49,2
DA:55,2
DA:57,4
DA:59,2
DA:62,2
DA:63,3
DA:64,3
DA:67,2
DA:68,8
DA:69,2
DA:70,2
DA:71,0
DA:73,2
DA:75,6
DA:78,1
DA:79,4
DA:80,3
DA:81,1
DA:82,4
DA:83,2
DA:84,2
DA:90,2
DA:91,2
DA:92,4
DA:93,4
DA:94,6
DA:95,4
DA:96,8
DA:97,2
DA:98,8
LF:44
LH:43
end_of_record
SF:lib/features/mileage/domain/mileage_log.dart
DA:16,12
DA:43,0
DA:45,0
DA:47,0
DA:50,0
DA:51,0
DA:52,0
DA:54,0
DA:55,0
LF:9
LH:1
end_of_record
SF:lib/features/mileage/domain/mileage_repository.dart
DA:29,23
DA:30,2
LF:2
LH:2
end_of_record
SF:lib/core/providers/production_overrides.dart
DA:29,3
DA:31,1
DA:32,4
DA:35,1
DA:36,1
DA:37,3
DA:40,1
DA:41,4
DA:44,1
DA:45,1
DA:46,2
DA:47,3
LF:12
LH:12
end_of_record
SF:lib/features/maintenance/data/maintenance_providers.dart
DA:25,2
DA:26,1
DA:27,0
DA:28,0
DA:31,2
DA:32,2
DA:33,2
DA:34,2
DA:35,1
LF:9
LH:7
end_of_record
SF:lib/features/maintenance/domain/maintenance_repository.dart
DA:32,20
DA:33,2
LF:2
LH:2
end_of_record
SF:lib/features/mileage/data/mileage_providers.dart
DA:25,3
DA:26,0
DA:27,0
DA:30,4
DA:31,2
DA:32,2
DA:33,1
LF:7
LH:5
end_of_record
SF:lib/features/services/data/service_providers.dart
DA:25,2
DA:26,1
DA:27,0
DA:28,0
DA:31,4
DA:32,2
DA:33,2
DA:34,1
LF:8
LH:6
end_of_record
SF:lib/features/services/domain/service_repository.dart
DA:30,6
DA:31,0
LF:2
LH:1
end_of_record
SF:lib/features/tracker/data/device_location_service.dart
DA:13,2
DA:18,2
DA:19,2
DA:24,2
DA:25,2
DA:30,2
DA:31,2
DA:36,2
DA:37,2
DA:54,3
DA:59,2
DA:61,2
DA:62,4
DA:65,4
DA:66,2
DA:67,4
DA:71,2
DA:72,2
DA:74,2
DA:78,6
LF:20
LH:20
end_of_record
SF:lib/features/tracker/data/device_location_service_provider.dart
DA:5,6
DA:6,0
DA:7,0
LF:3
LH:1
end_of_record
SF:lib/features/tracker/data/local_tracking_session_repository.dart
DA:11,2
DA:13,2
DA:18,4
DA:19,4
DA:20,4
DA:27,2
DA:29,2
DA:32,4
DA:33,6
DA:34,2
DA:38,2
DA:43,4
DA:45,2
DA:47,4
DA:48,2
DA:49,2
DA:50,2
DA:51,2
DA:52,2
DA:56,1
DA:59,2
DA:62,4
DA:63,2
DA:67,2
DA:68,2
DA:69,2
DA:70,2
DA:74,2
DA:79,2
DA:82,0
DA:83,2
DA:84,2
DA:86,2
DA:90,0
DA:94,2
DA:95,2
DA:97,2
DA:98,4
DA:99,4
DA:100,2
DA:104,4
DA:105,2
DA:106,2
DA:108,2
DA:110,2
DA:116,2
DA:128,2
DA:132,2
DA:133,2
DA:134,2
DA:135,0
DA:136,0
DA:142,2
LF:53
LH:49
end_of_record
SF:lib/features/tracker/data/real_device_location_gateway.dart
DA:11,1
DA:13,1
DA:17,1
DA:19,1
DA:20,1
DA:23,1
DA:26,1
DA:27,1
DA:30,0
DA:32,0
DA:33,0
DA:34,0
DA:35,0
DA:36,0
DA:38,0
DA:41,0
DA:47,1
DA:49,1
DA:50,1
LF:19
LH:11
end_of_record
SF:lib/features/tracker/domain/tracking_session_repository_provider.dart
DA:5,4
DA:6,2
DA:7,0
LF:3
LH:2
end_of_record
SF:lib/core/providers/supabase_provider.dart
DA:16,0
DA:17,0
LF:2
LH:0
end_of_record
SF:lib/core/sync/data/drift_sync_outbox_repository.dart
DA:10,2
DA:15,2
DA:17,4
DA:24,2
DA:25,2
DA:26,2
DA:27,2
DA:28,2
DA:29,4
DA:30,4
DA:31,6
DA:32,4
DA:33,2
DA:34,4
DA:41,2
DA:43,8
DA:44,4
DA:55,2
DA:58,6
DA:61,0
DA:63,0
DA:69,0
DA:73,1
DA:79,2
DA:89,1
DA:91,2
DA:98,1
DA:100,2
DA:107,1
DA:108,1
DA:109,1
DA:110,1
DA:111,3
DA:112,3
DA:113,2
DA:114,1
DA:115,3
DA:119,2
DA:125,2
DA:129,2
DA:130,2
DA:131,2
DA:132,2
DA:133,2
DA:134,2
DA:135,4
DA:136,4
DA:137,6
DA:138,4
DA:139,2
DA:140,2
DA:142,3
DA:147,3
DA:149,2
DA:151,2
DA:153,0
DA:158,2
DA:160,2
DA:162,0
DA:165,0
DA:168,2
DA:170,2
DA:172,0
DA:174,0
DA:176,0
DA:181,2
DA:183,2
DA:185,0
DA:187,0
DA:189,0
DA:192,0
DA:195,1
DA:197,1
DA:199,0
LF:74
LH:60
end_of_record
SF:lib/core/sync/data/sync_providers.dart
DA:7,3
DA:11,4
DA:12,2
DA:13,2
DA:14,1
DA:15,2
DA:19,7
DA:20,2
DA:21,1
LF:9
LH:9
end_of_record
SF:lib/features/maintenance/data/offline_first_maintenance_repository.dart
DA:7,2
DA:13,2
DA:23,1
DA:25,1
DA:26,2
DA:28,1
DA:29,1
DA:31,2
DA:34,2
DA:40,1
DA:42,1
DA:43,2
DA:45,1
DA:46,1
DA:48,2
DA:51,2
DA:57,0
DA:59,0
DA:60,0
DA:63,0
DA:65,0
DA:68,0
DA:74,1
DA:76,2
DA:78,1
DA:81,2
DA:82,3
DA:83,3
DA:86,1
DA:87,4
DA:88,5
DA:89,1
DA:90,1
DA:92,1
DA:94,3
DA:97,0
DA:98,0
DA:99,0
DA:100,0
DA:101,0
DA:102,0
DA:103,0
DA:109,1
DA:110,1
DA:111,2
DA:112,2
DA:113,2
DA:114,2
DA:115,2
DA:116,4
DA:117,1
DA:118,5
DA:123,0
LF:53
LH:39
end_of_record
SF:lib/features/maintenance/data/supabase_maintenance_repository.dart
DA:20,0
DA:26,0
DA:29,0
DA:30,0
DA:31,0
DA:32,0
DA:33,0
DA:36,0
DA:37,0
DA:40,0
DA:42,0
DA:45,0
DA:47,0
DA:50,0
DA:52,0
DA:57,0
DA:58,0
DA:59,0
DA:60,0
DA:61,0
DA:62,0
DA:63,0
DA:65,0
DA:66,0
DA:70,0
DA:71,0
DA:72,0
DA:73,0
DA:74,0
DA:75,0
DA:76,0
DA:77,0
DA:78,0
DA:79,0
LF:34
LH:0
end_of_record
SF:lib/features/maintenance/domain/maintenance_reminder.dart
DA:26,8
DA:68,16
DA:72,4
DA:73,16
DA:76,4
DA:77,4
DA:79,4
DA:80,4
DA:89,2
DA:93,2
DA:94,2
DA:95,2
DA:96,2
DA:97,2
DA:100,2
DA:101,2
DA:106,1
DA:109,1
DA:110,3
DA:111,3
DA:113,0
DA:114,0
DA:116,0
DA:118,0
LF:24
LH:20
end_of_record
SF:lib/features/mileage/data/supabase_mileage_repository.dart
DA:20,0
DA:26,0
DA:28,0
DA:29,0
DA:30,0
DA:31,0
DA:32,0
DA:35,0
DA:36,0
DA:39,0
DA:41,0
DA:44,0
DA:46,0
DA:51,0
DA:52,0
DA:53,0
DA:54,0
DA:55,0
DA:58,0
DA:59,0
DA:60,0
DA:64,0
DA:65,0
DA:66,0
DA:67,0
DA:68,0
DA:69,0
DA:70,0
DA:71,0
LF:29
LH:0
end_of_record
SF:lib/features/services/data/offline_first_service_repository.dart
DA:7,2
DA:13,2
DA:23,1
DA:25,1
DA:26,2
DA:28,1
DA:29,1
DA:31,2
DA:34,2
DA:40,1
DA:42,1
DA:43,2
DA:46,1
DA:48,2
DA:51,2
DA:57,1
DA:59,2
DA:61,1
DA:64,2
DA:65,3
DA:66,3
DA:69,1
DA:70,4
DA:71,1
DA:72,1
DA:73,0
DA:75,1
DA:77,3
DA:80,1
DA:81,4
DA:82,3
DA:83,1
DA:84,4
DA:85,2
DA:86,2
DA:92,1
DA:93,1
DA:94,2
DA:95,2
DA:96,2
DA:97,2
DA:98,2
DA:99,2
DA:100,4
DA:101,1
DA:102,1
DA:103,5
DA:108,0
LF:48
LH:46
end_of_record
SF:lib/features/services/domain/service_record.dart
DA:14,5
DA:55,1
DA:58,1
DA:59,3
DA:60,3
DA:62,0
DA:63,0
DA:65,1
DA:67,4
LF:9
LH:7
end_of_record
SF:lib/features/services/data/supabase_service_repository.dart
DA:19,0
DA:25,0
DA:27,0
DA:28,0
DA:29,0
DA:30,0
DA:31,0
DA:34,0
DA:35,0
DA:38,0
DA:40,0
DA:43,0
DA:45,0
DA:50,0
DA:51,0
DA:52,0
DA:53,0
DA:54,0
DA:55,0
DA:56,0
DA:57,0
DA:59,0
DA:60,0
DA:61,0
DA:65,0
DA:66,0
DA:67,0
DA:68,0
DA:69,0
DA:70,0
DA:71,0
DA:72,0
DA:73,0
DA:74,0
DA:75,0
LF:35
LH:0
end_of_record
SF:lib/features/tracker/domain/gps_point.dart
DA:12,8
DA:27,0
DA:28,0
DA:30,1
DA:33,0
DA:34,0
DA:35,0
DA:36,0
DA:37,0
DA:39,0
DA:40,0
LF:11
LH:2
end_of_record
SF:lib/features/tracker/data/simulated_location_gateway.dart
DA:7,1
DA:10,1
DA:14,1
DA:18,1
DA:20,2
DA:24,2
DA:25,3
DA:26,1
DA:29,3
DA:31,0
DA:32,0
LF:11
LH:9
end_of_record
SF:lib/features/tracker/domain/gps_log_converter.dart
DA:29,4
DA:35,8
DA:38,16
DA:39,4
DA:40,8
DA:41,24
DA:44,4
DA:56,5
DA:62,10
DA:63,10
DA:64,30
DA:65,15
DA:66,15
DA:67,15
DA:68,10
DA:69,25
DA:70,5
DA:75,15
LF:18
LH:18
end_of_record
SF:lib/features/tracker/domain/tracking_session_repository.dart
DA:5,3
LF:1
LH:1
end_of_record
SF:lib/features/tracker/domain/tracking_session_state.dart
DA:14,6
DA:24,2
DA:25,2
DA:29,2
DA:34,2
DA:38,2
DA:42,3
DA:47,3
DA:51,3
DA:63,1
DA:64,2
DA:65,2
DA:67,1
DA:70,1
DA:71,1
DA:72,1
DA:73,1
DA:74,1
DA:76,1
DA:78,1
LF:20
LH:20
end_of_record
SF:lib/app.dart
DA:19,1
DA:21,2
DA:23,4
DA:26,6
DA:27,2
DA:29,2
DA:30,2
LF:7
LH:7
end_of_record
SF:lib/core/providers/current_user_provider.dart
DA:19,16
DA:21,1
DA:22,0
DA:23,1
DA:26,0
LF:5
LH:3
end_of_record
SF:lib/features/auth/domain/auth_notifier.dart
DA:34,1
DA:36,3
DA:41,1
DA:43,2
DA:44,1
DA:45,1
DA:47,1
DA:52,1
DA:53,0
DA:54,1
DA:56,2
DA:57,1
DA:58,2
DA:63,0
DA:64,0
DA:65,0
DA:67,0
DA:72,3
DA:74,1
DA:81,1
DA:86,4
DA:92,2
DA:102,1
DA:104,4
DA:109,2
DA:126,0
DA:132,0
DA:134,0
DA:141,0
DA:142,0
DA:147,0
DA:148,0
DA:149,0
DA:152,0
DA:155,0
DA:163,1
DA:165,4
DA:167,0
LF:38
LH:22
end_of_record
SF:lib/features/auth/domain/auth_notifier_provider.dart
DA:25,14
DA:26,7
LF:2
LH:2
end_of_record
SF:lib/core/router/app_router.dart
DA:58,4
DA:59,4
DA:61,4
DA:62,1
DA:64,1
DA:67,0
DA:68,0
DA:71,4
DA:72,4
DA:73,4
DA:74,4
DA:85,3
DA:89,4
DA:105,12
DA:108,3
DA:110,3
DA:113,3
DA:114,6
DA:115,3
DA:117,3
DA:127,1
DA:131,1
DA:133,2
DA:134,1
DA:140,12
DA:141,4
DA:144,1
DA:146,4
DA:149,4
DA:151,4
DA:154,1
DA:161,4
DA:162,6
DA:163,4
DA:164,4
DA:167,3
DA:169,4
DA:172,0
DA:174,4
DA:177,0
DA:179,4
DA:182,0
DA:184,4
DA:187,0
DA:189,4
DA:192,0
DA:194,4
DA:197,0
DA:206,3
DA:208,12
DA:216,1
DA:218,1
LF:52
LH:44
end_of_record
SF:lib/core/theme/app_theme.dart
DA:9,0
DA:14,4
DA:20,4
LF:3
LH:2
end_of_record
SF:lib/core/theme/theme_notifier_provider.dart
DA:16,6
DA:17,3
LF:2
LH:2
end_of_record
SF:lib/features/auth/presentation/login_screen.dart
DA:28,1
DA:29,2
DA:30,1
DA:31,2
DA:36,1
DA:37,1
DA:46,1
DA:47,3
DA:48,1
DA:49,1
DA:52,1
DA:55,2
DA:58,2
DA:64,2
DA:65,1
DA:71,1
DA:73,5
DA:74,5
DA:86,5
DA:88,10
DA:89,10
DA:90,5
DA:96,5
DA:100,5
DA:102,5
DA:103,1
DA:104,3
DA:105,3
DA:106,3
DA:109,5
DA:110,5
DA:111,3
DA:112,2
DA:120,1
DA:121,3
DA:122,3
DA:123,5
DA:124,3
DA:125,2
DA:129,1
DA:131,3
DA:133,3
DA:136,3
DA:137,5
DA:138,3
DA:140,1
DA:141,3
DA:142,3
DA:152,5
DA:155,20
DA:157,15
DA:158,10
DA:160,5
DA:162,5
DA:163,5
DA:165,5
DA:166,5
DA:167,5
DA:169,5
DA:171,5
DA:173,15
DA:177,5
DA:179,15
DA:185,5
DA:188,5
DA:196,5
DA:199,5
DA:208,5
DA:210,5
DA:222,5
DA:224,5
DA:230,5
DA:232,2
LF:73
LH:73
end_of_record
SF:lib/features/auth/presentation/register_screen.dart
DA:30,1
DA:31,2
DA:32,1
DA:33,2
DA:38,1
DA:39,1
DA:40,2
DA:47,1
DA:48,1
DA:49,1
DA:58,1
DA:59,3
DA:60,2
DA:63,1
DA:66,1
DA:69,2
DA:75,2
DA:76,1
DA:82,1
DA:84,2
DA:85,2
DA:96,2
DA:98,4
DA:99,4
DA:100,4
DA:101,2
DA:106,2
DA:110,2
DA:112,2
DA:113,1
DA:114,3
DA:115,3
DA:116,3
DA:119,2
DA:120,2
DA:121,0
DA:122,0
DA:123,2
DA:124,0
DA:126,2
DA:130,2
DA:131,2
DA:132,6
DA:141,1
DA:142,3
DA:143,3
DA:144,5
DA:145,3
DA:146,2
DA:152,2
DA:154,8
DA:156,6
DA:157,4
DA:159,4
DA:161,2
DA:163,2
DA:164,2
DA:167,0
DA:168,2
DA:169,2
DA:170,2
DA:172,2
DA:174,2
DA:176,6
DA:180,2
DA:182,6
DA:188,2
DA:191,2
DA:199,2
DA:202,2
DA:210,2
DA:213,2
DA:217,2
DA:219,2
DA:225,2
DA:227,2
DA:239,2
DA:241,2
DA:256,0
DA:260,0
DA:262,0
DA:265,0
DA:267,0
DA:270,0
DA:273,0
DA:275,0
DA:279,0
DA:281,0
DA:285,0
DA:286,0
DA:287,0
DA:293,0
DA:295,0
DA:299,0
DA:300,0
DA:302,0
LF:96
LH:74
end_of_record
SF:lib/features/dashboard/presentation/dashboard_screen.dart
DA:31,0
DA:33,0
DA:35,0
DA:37,0
DA:39,0
DA:40,0
DA:44,0
DA:45,0
DA:57,1
DA:59,3
DA:61,6
DA:68,6
DA:69,6
DA:72,2
DA:73,0
DA:74,0
DA:75,0
DA:77,0
DA:78,0
DA:79,0
DA:82,2
DA:83,0
DA:84,0
DA:85,0
DA:87,2
DA:88,2
DA:90,2
DA:97,0
DA:109,0
DA:117,0
DA:119,0
DA:120,0
DA:121,0
DA:123,0
DA:125,0
DA:127,0
DA:128,0
DA:133,0
DA:137,0
DA:138,0
DA:140,0
DA:143,0
DA:144,0
DA:148,0
DA:149,0
DA:155,0
DA:157,0
DA:158,0
DA:160,0
DA:163,0
DA:164,0
DA:165,0
DA:166,0
DA:170,0
DA:171,0
DA:175,0
DA:176,0
DA:180,0
DA:181,0
DA:188,0
DA:190,0
DA:192,0
DA:196,0
DA:199,0
DA:201,0
DA:202,0
DA:206,0
DA:207,0
DA:208,0
DA:211,0
DA:212,0
DA:214,0
DA:216,0
DA:217,0
DA:220,0
DA:222,0
DA:226,0
DA:228,0
DA:243,1
DA:245,0
DA:247,0
DA:248,0
DA:249,0
DA:250,0
DA:254,0
DA:258,0
DA:259,0
DA:263,0
DA:267,0
DA:268,0
DA:272,0
DA:276,0
DA:277,0
DA:281,0
DA:290,0
DA:301,0
DA:303,0
DA:305,0
DA:307,0
DA:308,0
DA:309,0
DA:311,0
DA:313,0
DA:314,0
DA:315,0
DA:316,0
DA:320,0
DA:321,0
DA:322,0
DA:340,0
DA:349,0
DA:351,0
DA:352,0
DA:355,0
DA:357,0
DA:358,0
DA:360,0
DA:361,0
DA:363,0
DA:365,0
DA:366,0
DA:367,0
DA:368,0
DA:369,0
DA:370,0
DA:372,0
DA:376,0
DA:377,0
DA:379,0
DA:380,0
DA:382,0
DA:384,0
DA:385,0
DA:386,0
DA:387,0
DA:388,0
DA:396,0
DA:399,0
DA:400,0
DA:401,0
DA:408,0
DA:410,0
DA:412,0
DA:413,0
DA:415,0
DA:416,0
DA:417,0
DA:420,0
DA:421,0
DA:422,0
DA:423,0
DA:424,0
DA:438,0
DA:451,0
DA:453,0
DA:454,0
DA:456,0
DA:457,0
DA:458,0
DA:459,0
DA:460,0
DA:463,0
DA:464,0
DA:466,0
DA:467,0
DA:468,0
DA:469,0
DA:471,0
DA:472,0
DA:473,0
DA:490,0
DA:494,0
DA:496,0
DA:497,0
DA:499,0
DA:500,0
DA:502,0
DA:503,0
DA:505,0
DA:506,0
DA:507,0
DA:509,0
DA:510,0
DA:511,0
DA:517,0
DA:518,0
DA:520,0
DA:521,0
DA:523,0
DA:528,0
DA:531,0
DA:532,0
DA:533,0
DA:534,0
DA:549,0
DA:553,0
DA:555,0
DA:556,0
DA:558,0
DA:560,0
DA:562,0
DA:563,0
DA:564,0
DA:566,0
DA:567,0
DA:568,0
DA:570,0
DA:571,0
DA:572,0
LF:209
LH:11
end_of_record
SF:lib/features/maintenance/presentation/maintenance_screen.dart
DA:24,1
DA:26,0
DA:28,0
DA:38,0
DA:40,0
DA:42,0
DA:43,0
DA:44,0
DA:45,0
DA:52,0
DA:59,0
DA:62,0
DA:63,0
DA:64,0
DA:65,0
DA:72,0
DA:74,0
DA:80,0
DA:81,0
DA:83,0
DA:91,0
DA:99,0
DA:101,0
DA:102,0
DA:103,0
DA:105,0
DA:106,0
DA:108,0
DA:114,0
DA:115,0
DA:117,0
DA:118,0
DA:120,0
DA:121,0
DA:123,0
DA:124,0
DA:125,0
DA:126,0
DA:128,0
DA:130,0
DA:132,0
DA:133,0
DA:134,0
DA:135,0
DA:136,0
DA:137,0
DA:138,0
DA:139,0
DA:140,0
DA:143,0
DA:149,0
DA:150,0
DA:151,0
DA:152,0
DA:155,0
DA:156,0
DA:162,0
DA:163,0
DA:164,0
DA:165,0
DA:166,0
DA:167,0
DA:168,0
DA:172,0
DA:173,0
DA:174,0
DA:175,0
DA:176,0
DA:185,0
DA:186,0
DA:188,0
DA:189,0
DA:190,0
DA:192,0
DA:193,0
DA:194,0
DA:195,0
DA:209,0
DA:210,0
DA:212,0
DA:213,0
DA:217,0
DA:218,0
DA:220,0
DA:222,0
DA:223,0
DA:224,0
DA:225,0
DA:228,0
DA:229,0
DA:240,0
DA:241,0
DA:243,0
DA:244,0
DA:247,0
DA:249,0
DA:250,0
DA:251,0
DA:258,0
DA:262,0
DA:264,0
DA:275,0
DA:277,0
DA:278,0
DA:279,0
DA:280,0
DA:281,0
DA:284,0
DA:286,0
DA:288,0
DA:289,0
DA:290,0
DA:291,0
DA:293,0
DA:294,0
DA:296,0
DA:300,0
DA:301,0
DA:304,0
DA:306,0
DA:311,0
DA:313,0
DA:314,0
DA:320,0
DA:322,0
DA:327,0
DA:329,0
DA:330,0
DA:336,0
DA:338,0
DA:347,0
DA:348,0
DA:350,0
DA:353,0
DA:355,0
DA:356,0
DA:368,0
DA:369,0
DA:370,0
DA:372,0
DA:373,0
DA:374,0
DA:375,0
DA:377,0
DA:379,0
DA:380,0
DA:381,0
DA:383,0
DA:387,0
DA:388,0
DA:389,0
DA:390,0
DA:392,0
DA:393,0
DA:394,0
DA:408,0
DA:416,0
DA:418,0
DA:430,0
DA:432,0
DA:433,0
DA:434,0
DA:435,0
DA:436,0
DA:437,0
DA:438,0
DA:439,0
DA:442,0
DA:444,0
DA:445,0
DA:446,0
DA:447,0
DA:448,0
DA:451,0
DA:453,0
DA:455,0
DA:456,0
DA:457,0
DA:458,0
DA:460,0
DA:461,0
DA:463,0
DA:467,0
DA:468,0
DA:471,0
DA:473,0
DA:478,0
DA:480,0
DA:481,0
DA:487,0
DA:489,0
DA:494,0
DA:496,0
DA:497,0
DA:503,0
DA:505,0
DA:514,0
DA:515,0
DA:517,0
DA:520,0
DA:522,0
DA:523,0
DA:535,0
DA:536,0
DA:537,0
DA:539,0
DA:540,0
DA:541,0
DA:542,0
DA:544,0
DA:546,0
DA:547,0
DA:548,0
DA:549,0
DA:551,0
DA:555,0
DA:556,0
DA:557,0
DA:558,0
DA:560,0
DA:561,0
DA:562,0
LF:222
LH:1
end_of_record
SF:lib/features/mileage/presentation/mileage_screen.dart
DA:32,0
DA:34,0
DA:36,0
DA:38,0
DA:48,1
DA:50,1
DA:52,2
DA:59,3
DA:61,1
DA:65,1
DA:66,1
DA:67,0
DA:74,2
DA:81,1
DA:83,1
DA:85,2
DA:91,1
DA:92,1
DA:94,2
DA:102,1
DA:107,1
DA:109,1
DA:111,2
DA:112,1
DA:113,2
DA:114,2
DA:123,1
DA:128,1
DA:130,1
DA:131,3
DA:133,1
DA:134,4
DA:136,1
DA:142,0
DA:143,0
DA:145,0
DA:146,0
DA:148,1
DA:149,4
DA:150,1
DA:152,3
DA:153,0
DA:154,1
DA:158,3
DA:159,0
DA:162,1
DA:164,3
DA:165,1
DA:167,5
DA:168,2
DA:169,0
DA:170,0
DA:178,0
DA:179,0
DA:181,0
DA:184,0
DA:185,0
DA:186,0
DA:189,0
DA:190,0
DA:202,1
DA:206,1
DA:208,1
DA:222,1
DA:224,2
DA:225,2
DA:226,1
DA:229,1
DA:231,2
DA:232,1
DA:234,1
DA:236,1
DA:237,1
DA:238,1
DA:241,1
DA:243,1
DA:257,1
DA:258,0
DA:259,0
DA:264,1
DA:266,1
DA:267,1
DA:275,1
DA:276,2
DA:278,1
DA:279,1
DA:288,1
DA:289,1
DA:290,1
DA:291,1
DA:292,3
DA:296,1
DA:298,2
DA:305,2
DA:307,1
DA:308,1
DA:310,4
DA:313,1
DA:316,1
DA:318,1
DA:328,1
DA:329,1
DA:330,1
DA:333,1
DA:335,2
DA:336,1
DA:348,1
DA:349,3
DA:350,3
DA:351,1
DA:353,2
DA:354,1
DA:355,1
DA:359,1
DA:360,6
DA:361,1
DA:363,0
DA:367,1
DA:368,1
DA:369,1
DA:370,2
DA:375,1
DA:376,1
DA:377,0
DA:380,1
DA:382,3
DA:390,1
DA:391,3
DA:393,4
DA:394,1
DA:395,2
DA:397,2
DA:398,1
DA:401,2
DA:402,1
DA:405,1
DA:406,2
DA:407,2
DA:412,1
DA:413,1
DA:414,1
DA:417,2
DA:418,1
DA:419,1
DA:422,1
DA:423,3
DA:424,2
DA:425,1
DA:428,4
DA:432,1
DA:433,6
DA:434,1
DA:435,4
DA:437,0
DA:438,0
DA:439,0
LF:156
LH:128
end_of_record
SF:lib/features/projections/presentation/projections_screen.dart
DA:45,1
DA:47,0
DA:48,0
DA:55,0
DA:57,0
DA:58,0
DA:61,0
DA:63,0
DA:64,0
DA:67,0
DA:69,0
DA:80,0
DA:81,0
DA:83,0
DA:85,0
DA:87,0
DA:88,0
DA:95,0
DA:96,0
DA:97,0
DA:99,0
DA:100,0
DA:102,0
DA:109,0
DA:118,0
DA:120,0
DA:126,0
DA:139,0
DA:148,0
DA:150,0
DA:152,0
DA:154,0
DA:161,0
DA:170,0
DA:172,0
DA:174,0
DA:185,0
DA:187,0
DA:198,0
DA:202,0
DA:204,0
DA:205,0
DA:206,0
DA:207,0
DA:208,0
DA:210,0
DA:211,0
DA:212,0
DA:214,0
DA:217,0
DA:219,0
DA:220,0
DA:221,0
DA:222,0
DA:226,0
DA:227,0
DA:232,0
DA:234,0
DA:236,0
DA:237,0
DA:239,0
DA:241,0
DA:251,0
DA:259,0
DA:263,0
DA:265,0
DA:267,0
DA:268,0
DA:269,0
DA:271,0
DA:272,0
DA:274,0
DA:275,0
DA:279,0
DA:282,0
DA:283,0
DA:287,0
DA:288,0
DA:289,0
DA:290,0
DA:293,0
DA:295,0
DA:296,0
DA:297,0
DA:303,0
DA:304,0
DA:308,0
DA:309,0
DA:310,0
DA:313,0
DA:314,0
DA:315,0
DA:316,0
DA:317,0
DA:329,0
DA:330,0
DA:333,0
DA:335,0
DA:337,0
DA:339,0
DA:340,0
DA:344,0
DA:346,0
DA:350,0
DA:351,0
DA:352,0
DA:353,0
DA:354,0
DA:355,0
DA:357,0
DA:358,0
DA:359,0
DA:360,0
DA:362,0
DA:373,0
DA:377,0
DA:379,0
DA:380,0
DA:381,0
DA:383,0
DA:384,0
DA:385,0
DA:388,0
DA:389,0
DA:390,0
DA:391,0
DA:392,0
DA:393,0
DA:394,0
DA:397,0
DA:405,0
DA:409,0
DA:410,0
DA:422,0
DA:424,0
DA:425,0
DA:428,0
DA:429,0
DA:431,0
DA:432,0
DA:435,0
DA:438,0
DA:441,0
DA:444,0
DA:445,0
DA:449,0
DA:450,0
DA:451,0
DA:454,0
DA:456,0
DA:457,0
DA:460,0
DA:461,0
DA:463,0
DA:464,0
DA:468,0
DA:469,0
DA:470,0
DA:471,0
DA:472,0
DA:473,0
DA:476,0
DA:477,0
DA:478,0
DA:483,0
DA:485,0
DA:487,0
DA:488,0
DA:489,0
DA:490,0
DA:493,0
DA:501,0
DA:503,0
DA:505,0
DA:507,0
DA:514,0
DA:516,0
DA:517,0
DA:518,0
DA:520,0
DA:530,0
DA:532,0
DA:537,0
DA:539,0
DA:541,0
DA:545,0
DA:548,0
DA:552,0
DA:553,0
DA:554,0
DA:555,0
DA:556,0
DA:558,0
DA:560,0
DA:561,0
DA:562,0
DA:568,0
DA:570,0
DA:575,0
DA:577,0
DA:579,0
DA:593,1
DA:597,0
DA:599,0
DA:600,0
DA:601,0
DA:602,0
DA:610,0
DA:614,0
DA:616,0
DA:617,0
DA:618,0
DA:619,0
DA:621,0
DA:622,0
DA:623,0
DA:625,0
DA:629,0
DA:630,0
DA:631,0
DA:632,0
DA:633,0
LF:222
LH:2
end_of_record
SF:lib/features/services/presentation/services_screen.dart
DA:30,1
DA:32,0
DA:34,0
DA:44,0
DA:46,0
DA:48,0
DA:49,0
DA:50,0
DA:51,0
DA:58,0
DA:65,0
DA:68,0
DA:69,0
DA:70,0
DA:71,0
DA:76,0
DA:78,0
DA:84,0
DA:85,0
DA:87,0
DA:95,0
DA:103,0
DA:105,0
DA:107,0
DA:108,0
DA:110,0
DA:116,0
DA:117,0
DA:119,0
DA:120,0
DA:122,0
DA:123,0
DA:125,0
DA:127,0
DA:129,0
DA:131,0
DA:132,0
DA:133,0
DA:134,0
DA:135,0
DA:136,0
DA:137,0
DA:138,0
DA:139,0
DA:142,0
DA:143,0
DA:144,0
DA:145,0
DA:146,0
DA:147,0
DA:148,0
DA:156,0
DA:157,0
DA:159,0
DA:162,0
DA:166,0
DA:169,0
DA:172,0
DA:174,0
DA:175,0
DA:177,0
DA:185,0
DA:187,0
DA:188,0
DA:190,0
DA:192,0
DA:193,0
DA:194,0
DA:195,0
DA:208,0
DA:209,0
DA:211,0
DA:213,0
DA:214,0
DA:215,0
DA:216,0
DA:219,0
DA:220,0
DA:233,0
DA:238,0
DA:240,0
DA:242,0
DA:243,0
DA:244,0
DA:246,0
DA:249,0
DA:258,0
DA:262,0
DA:264,0
DA:279,0
DA:281,0
DA:282,0
DA:283,0
DA:284,0
DA:285,0
DA:288,0
DA:291,0
DA:292,0
DA:294,0
DA:296,0
DA:297,0
DA:298,0
DA:299,0
DA:302,0
DA:304,0
DA:305,0
DA:309,0
DA:310,0
DA:311,0
DA:312,0
DA:314,0
DA:316,0
DA:317,0
DA:320,0
DA:323,0
DA:324,0
DA:326,0
DA:327,0
DA:332,0
DA:333,0
DA:334,0
DA:335,0
DA:339,0
DA:341,0
DA:342,0
DA:343,0
DA:346,0
DA:348,0
DA:349,0
DA:359,0
DA:361,0
DA:368,0
DA:370,0
DA:371,0
DA:379,0
DA:381,0
DA:388,0
DA:390,0
DA:391,0
DA:399,0
DA:401,0
DA:402,0
DA:403,0
DA:408,0
DA:414,0
DA:416,0
DA:424,0
DA:426,0
DA:435,0
DA:436,0
DA:438,0
DA:441,0
DA:443,0
DA:444,0
DA:456,0
DA:457,0
DA:458,0
DA:459,0
DA:460,0
DA:461,0
DA:464,0
DA:465,0
DA:469,0
DA:470,0
DA:471,0
DA:473,0
DA:474,0
DA:475,0
DA:476,0
DA:477,0
DA:478,0
DA:479,0
DA:480,0
DA:482,0
DA:483,0
DA:484,0
DA:486,0
DA:487,0
DA:489,0
DA:493,0
DA:494,0
DA:495,0
DA:496,0
DA:498,0
DA:499,0
DA:500,0
LF:186
LH:1
end_of_record
SF:lib/features/settings/presentation/settings_screen.dart
DA:28,1
DA:30,0
DA:32,0
DA:33,0
DA:34,0
DA:36,0
DA:38,0
DA:39,0
DA:41,0
DA:45,0
DA:64,0
DA:65,0
DA:67,0
DA:68,0
DA:77,0
DA:78,0
DA:79,0
DA:80,0
DA:81,0
DA:83,0
DA:87,0
DA:88,0
DA:89,0
DA:91,0
DA:94,0
DA:98,0
DA:99,0
DA:100,0
DA:102,0
DA:105,0
DA:109,0
DA:110,0
DA:111,0
DA:113,0
DA:116,0
DA:120,0
DA:121,0
DA:122,0
DA:123,0
DA:125,0
DA:126,0
DA:127,0
DA:130,0
DA:131,0
DA:132,0
DA:134,0
DA:137,0
DA:138,0
DA:150,0
DA:155,0
DA:157,0
DA:162,0
DA:171,0
DA:173,0
DA:174,0
DA:175,0
DA:177,0
DA:179,0
DA:189,0
DA:190,0
DA:191,0
DA:194,0
DA:195,0
DA:201,0
DA:202,0
DA:204,0
DA:209,0
DA:211,0
DA:213,0
DA:214,0
DA:215,0
DA:218,0
DA:222,0
DA:224,0
DA:225,0
DA:226,0
DA:228,0
DA:230,0
DA:241,0
DA:242,0
DA:243,0
DA:246,0
DA:247,0
DA:253,0
DA:254,0
DA:256,0
DA:261,0
DA:263,0
DA:264,0
DA:265,0
DA:267,0
DA:269,0
DA:279,0
DA:280,0
DA:281,0
DA:284,0
DA:285,0
DA:291,0
DA:292,0
DA:294,0
DA:299,0
DA:300,0
DA:301,0
DA:303,0
DA:304,0
DA:305,0
DA:306,0
DA:307,0
DA:308,0
DA:315,0
DA:316,0
DA:320,0
DA:321,0
DA:329,0
DA:330,0
DA:331,0
DA:333,0
DA:335,0
DA:344,0
DA:345,0
DA:346,0
DA:349,0
DA:351,0
DA:358,0
DA:361,0
DA:362,0
DA:363,0
DA:364,0
DA:366,0
DA:367,0
DA:368,0
DA:369,0
DA:370,0
DA:375,0
DA:376,0
DA:377,0
DA:384,0
DA:385,0
DA:399,1
DA:403,0
DA:405,0
DA:406,0
DA:407,0
DA:408,0
LF:144
LH:2
end_of_record
SF:lib/features/tracker/presentation/tracker_screen.dart
DA:17,1
DA:19,1
DA:20,1
DA:35,1
DA:37,1
DA:38,1
DA:41,1
DA:43,2
DA:44,1
DA:47,1
DA:48,3
DA:49,1
DA:50,1
DA:52,2
DA:53,0
DA:54,0
DA:55,0
DA:57,0
DA:61,1
DA:62,3
DA:63,1
DA:64,1
DA:66,2
DA:67,2
DA:68,2
DA:69,1
DA:70,0
DA:72,0
DA:74,0
DA:80,3
DA:81,3
DA:82,1
DA:84,2
DA:85,1
DA:86,1
DA:87,1
DA:89,1
DA:92,0
DA:93,0
DA:94,0
DA:96,0
DA:98,0
DA:99,0
DA:110,0
DA:111,0
DA:112,0
DA:115,0
DA:116,0
DA:117,0
DA:119,0
DA:120,0
DA:130,0
DA:131,0
DA:132,0
DA:135,0
DA:136,0
DA:137,0
DA:139,0
DA:140,0
DA:146,1
DA:147,1
DA:148,3
DA:149,3
DA:150,4
DA:151,1
DA:152,1
DA:153,2
DA:154,4
DA:159,1
DA:161,2
DA:164,3
DA:165,5
DA:166,2
DA:167,3
DA:168,6
DA:172,1
DA:173,3
DA:174,3
DA:179,1
DA:181,1
DA:182,5
DA:183,1
DA:185,1
DA:186,1
DA:189,1
DA:191,1
DA:192,1
DA:193,1
DA:194,1
DA:195,1
DA:196,1
DA:200,1
DA:202,1
DA:207,1
DA:208,1
DA:209,1
DA:216,1
DA:220,1
DA:222,1
DA:224,1
DA:225,1
DA:228,3
DA:231,1
DA:233,1
DA:234,4
DA:236,3
DA:238,2
DA:240,1
DA:241,1
DA:242,4
DA:247,1
DA:249,1
DA:251,1
DA:256,1
DA:258,1
DA:259,0
LF:116
LH:86
end_of_record
SF:lib/shared/widgets/app_shell.dart
DA:35,3
DA:36,3
DA:37,3
DA:38,3
DA:39,3
DA:40,3
DA:41,3
DA:84,3
DA:88,3
DA:90,6
DA:91,3
DA:94,0
DA:95,0
DA:98,0
DA:101,0
DA:104,3
DA:106,3
DA:107,3
DA:119,0
DA:120,0
DA:126,0
DA:128,0
DA:129,0
DA:130,0
DA:132,0
DA:133,0
DA:134,0
DA:141,0
DA:151,0
DA:153,0
DA:155,0
DA:156,0
DA:158,0
DA:160,0
DA:162,0
DA:166,0
DA:167,0
DA:168,0
DA:173,0
DA:178,0
DA:179,0
DA:181,0
DA:186,0
DA:187,0
DA:189,0
DA:194,0
DA:195,0
DA:201,0
DA:203,0
DA:205,0
DA:207,0
DA:209,0
DA:211,0
DA:221,0
DA:236,0
DA:238,0
DA:239,0
DA:241,0
DA:242,0
DA:243,0
DA:244,0
DA:245,0
DA:247,0
DA:250,0
DA:252,0
LF:65
LH:14
end_of_record
SF:lib/core/theme/theme_notifier.dart
DA:21,3
DA:23,9
DA:24,3
DA:28,1
DA:29,3
DA:30,1
DA:31,2
DA:37,1
DA:38,2
DA:40,1
DA:41,1
DA:42,1
DA:44,1
LF:13
LH:13
end_of_record
SF:lib/core/theme/theme_persistence.dart
DA:33,11
DA:39,1
DA:41,0
DA:43,0
DA:44,0
DA:47,2
DA:49,2
DA:50,0
DA:53,0
DA:54,0
DA:55,0
LF:11
LH:4
end_of_record
SF:lib/features/auth/data/auth_providers.dart
DA:23,0
DA:24,0
DA:25,0
DA:31,3
DA:32,0
LF:5
LH:1
end_of_record
SF:lib/features/auth/data/auth_repository.dart
DA:50,0
DA:54,0
DA:59,0
DA:62,0
DA:67,0
DA:70,0
DA:76,0
DA:83,0
DA:84,0
DA:86,0
DA:87,0
DA:98,2
DA:105,2
DA:109,4
DA:117,2
DA:121,4
DA:129,0
DA:134,0
DA:141,6
DA:153,2
DA:154,6
DA:156,2
DA:157,2
DA:158,2
DA:159,2
DA:161,2
DA:164,2
LF:27
LH:14
end_of_record
SF:lib/features/auth/presentation/widgets/auth_form_field.dart
DA:17,6
DA:53,6
DA:55,6
DA:56,6
DA:57,6
DA:58,6
DA:59,6
DA:60,6
DA:61,6
DA:62,6
DA:63,6
DA:67,6
LF:12
LH:12
end_of_record
SF:lib/features/dashboard/domain/dashboard_metrics.dart
DA:24,2
DA:35,0
DA:47,2
DA:51,2
DA:52,1
DA:65,8
DA:66,2
DA:67,10
DA:70,2
DA:71,4
DA:75,8
DA:76,8
DA:81,8
DA:82,2
DA:83,10
DA:86,4
DA:89,4
DA:90,6
DA:91,2
DA:92,8
DA:93,4
DA:96,2
DA:98,1
DA:102,8
DA:106,4
DA:107,2
DA:110,8
DA:111,2
DA:114,4
DA:116,4
DA:119,10
DA:121,10
DA:122,2
DA:123,0
DA:124,0
DA:132,2
DA:169,5
LF:37
LH:34
end_of_record
SF:lib/features/dashboard/domain/dashboard_provider.dart
DA:23,6
DA:24,6
DA:25,6
DA:26,1
DA:30,3
DA:31,0
DA:33,1
LF:7
LH:6
end_of_record
SF:lib/features/settings/domain/vehicle_settings_notifier.dart
DA:19,3
DA:39,0
DA:49,0
DA:50,0
DA:52,0
DA:54,0
DA:57,0
DA:72,1
DA:74,1
DA:75,0
DA:76,0
DA:77,0
DA:78,0
DA:80,0
DA:83,0
DA:91,0
DA:92,0
DA:93,0
DA:94,0
DA:95,0
DA:99,0
DA:100,0
DA:101,0
DA:102,0
DA:103,0
DA:107,0
DA:108,0
DA:109,0
DA:110,0
DA:111,0
DA:115,0
DA:116,0
DA:117,0
DA:118,0
DA:119,0
DA:123,0
DA:124,0
DA:125,0
DA:126,0
DA:127,0
DA:134,2
DA:135,1
LF:42
LH:5
end_of_record
SF:lib/features/maintenance/domain/maintenance_notifier_provider.dart
DA:16,9
LF:1
LH:1
end_of_record
SF:lib/features/maintenance/domain/maintenance_notifier.dart
DA:20,3
DA:22,9
DA:23,1
DA:27,1
DA:28,3
DA:30,1
DA:31,2
DA:33,2
DA:38,1
DA:39,3
DA:41,1
DA:42,2
DA:44,0
DA:49,1
DA:50,3
DA:52,1
DA:53,2
DA:55,0
LF:18
LH:16
end_of_record
SF:lib/features/maintenance/presentation/reminder_status_badge.dart
DA:16,0
DA:20,0
DA:22,0
DA:23,0
DA:25,0
DA:26,0
DA:27,0
DA:29,0
DA:30,0
DA:40,0
DA:41,0
DA:42,0
DA:43,0
DA:46,0
DA:47,0
DA:48,0
DA:49,0
LF:17
LH:0
end_of_record
SF:lib/features/mileage/domain/mileage_log_queries.dart
DA:3,1
DA:6,2
DA:7,2
DA:8,0
DA:13,1
DA:16,1
DA:20,1
DA:21,2
DA:22,3
DA:23,0
DA:25,1
LF:11
LH:9
end_of_record
SF:lib/features/mileage/domain/mileage_notifier.dart
DA:18,2
DA:20,6
DA:21,2
DA:25,2
DA:26,6
DA:28,2
DA:29,4
DA:31,2
DA:36,1
DA:37,3
DA:39,1
DA:40,2
DA:42,0
LF:13
LH:12
end_of_record
SF:lib/features/mileage/domain/mileage_notifier_provider.dart
DA:16,4
DA:17,2
LF:2
LH:2
end_of_record
SF:lib/features/mileage/domain/mileage_temporal_validator.dart
DA:6,1
DA:18,1
DA:20,3
DA:27,6
DA:35,3
DA:37,3
LF:6
LH:6
end_of_record
SF:lib/features/mileage/presentation/mileage_datetime_picker.dart
DA:9,1
DA:11,0
DA:13,0
DA:16,0
DA:17,0
DA:20,0
DA:22,0
DA:24,0
DA:29,0
DA:30,0
DA:31,0
DA:32,0
DA:33,0
DA:34,0
DA:39,3
LF:15
LH:2
end_of_record
SF:lib/features/projections/domain/projection_calculator.dart
DA:31,2
DA:32,2
DA:33,4
DA:35,10
DA:37,2
DA:38,2
DA:39,6
DA:41,10
DA:42,2
DA:44,2
DA:45,2
DA:53,2
DA:58,2
DA:60,2
DA:61,2
DA:63,4
DA:64,4
DA:65,6
DA:66,2
DA:76,0
DA:81,0
DA:82,0
DA:84,0
DA:85,0
DA:87,0
DA:88,0
DA:89,0
DA:98,0
DA:103,0
DA:105,0
DA:106,0
DA:108,0
DA:109,0
DA:110,0
DA:112,0
DA:117,2
DA:118,10
DA:121,2
DA:122,2
DA:123,2
DA:124,10
DA:125,4
DA:129,2
DA:130,4
DA:131,8
DA:132,6
DA:133,2
LF:47
LH:31
end_of_record
SF:lib/features/projections/domain/projection_point.dart
DA:12,4
DA:23,0
DA:25,0
DA:27,0
DA:30,0
DA:31,0
DA:32,0
DA:33,0
DA:35,0
DA:36,0
LF:10
LH:1
end_of_record
SF:lib/features/projections/domain/projection_maintenance_composer.dart
DA:7,3
DA:21,3
DA:33,3
DA:38,3
DA:40,6
DA:41,6
DA:42,6
DA:43,3
DA:44,3
DA:46,3
DA:51,6
DA:52,6
DA:53,3
DA:54,3
DA:56,3
DA:61,3
DA:66,2
DA:67,1
DA:68,1
DA:70,1
DA:75,3
DA:76,3
DA:77,3
DA:81,3
DA:86,6
DA:90,3
DA:91,3
DA:93,6
DA:94,10
DA:97,4
LF:30
LH:30
end_of_record
SF:lib/features/projections/domain/projection_provider.dart
DA:21,0
DA:26,1
DA:29,0
DA:30,0
DA:31,0
DA:32,0
DA:34,1
DA:35,3
DA:44,2
DA:45,1
DA:46,1
DA:47,2
DA:48,2
DA:50,2
DA:51,2
DA:53,1
DA:55,1
DA:56,1
DA:59,1
DA:62,1
LF:20
LH:15
end_of_record
SF:lib/features/services/domain/service_notifier.dart
DA:24,1
DA:26,3
DA:27,1
DA:31,1
DA:32,3
DA:34,1
DA:35,1
DA:36,2
DA:38,2
DA:43,1
DA:44,3
DA:46,1
DA:47,2
DA:49,0
DA:58,1
DA:59,3
DA:61,2
DA:63,5
DA:64,1
DA:68,1
DA:69,1
DA:70,1
DA:72,1
LF:23
LH:22
end_of_record
SF:lib/features/services/domain/service_notifier_provider.dart
DA:16,2
DA:17,1
LF:2
LH:2
end_of_record
SF:lib/features/settings/domain/export_import_service.dart
DA:21,2
DA:61,2
DA:67,4
DA:68,2
DA:71,2
DA:72,4
DA:73,4
DA:74,4
DA:75,2
DA:78,2
DA:79,4
DA:81,2
DA:88,2
DA:90,2
DA:92,4
DA:94,2
DA:95,2
DA:96,2
DA:97,2
DA:100,6
DA:101,2
DA:103,6
DA:104,2
DA:106,6
DA:107,2
DA:109,2
DA:112,4
DA:113,2
DA:115,2
DA:117,2
DA:129,4
DA:130,4
DA:131,4
DA:132,2
DA:133,4
DA:134,4
DA:135,8
DA:136,2
DA:139,4
DA:140,2
DA:141,2
DA:142,4
DA:145,4
DA:146,4
DA:147,2
DA:150,4
DA:151,4
DA:152,4
DA:153,4
DA:154,4
DA:155,4
DA:156,8
DA:157,4
DA:160,2
DA:161,2
DA:162,2
DA:163,2
DA:164,2
DA:165,4
DA:166,4
DA:167,4
DA:168,2
DA:171,4
DA:172,4
DA:173,4
DA:174,4
DA:175,4
DA:176,4
DA:177,4
DA:178,8
DA:179,4
DA:180,2
DA:183,4
DA:184,2
DA:185,2
DA:186,2
DA:187,2
DA:188,4
DA:189,4
DA:190,4
DA:191,2
DA:192,2
DA:195,2
DA:196,1
DA:197,2
DA:198,6
DA:199,2
DA:200,4
DA:201,2
DA:202,2
DA:203,6
DA:207,2
DA:208,2
DA:209,4
DA:210,4
DA:211,2
DA:213,3
DA:214,4
LF:98
LH:98
end_of_record
SF:lib/features/settings/domain/export_schema_migrator.dart
DA:16,2
DA:17,2
DA:18,6
DA:23,4
DA:24,4
DA:25,2
DA:28,2
DA:29,2
DA:30,2
DA:32,2
DA:33,4
DA:35,0
DA:37,2
DA:38,2
DA:41,2
DA:42,0
DA:43,0
DA:50,2
DA:51,4
DA:52,2
DA:57,2
DA:60,2
DA:63,2
DA:65,4
DA:66,4
DA:68,4
DA:69,4
DA:70,4
DA:72,2
DA:73,2
DA:74,2
DA:75,4
DA:76,6
DA:78,4
DA:79,6
DA:81,4
DA:82,6
DA:84,2
DA:85,4
LF:39
LH:36
end_of_record
SF:lib/core/sync/domain/sync_orchestrator.dart
DA:12,1
DA:18,2
DA:25,2
DA:39,2
DA:51,2
DA:52,4
DA:57,4
DA:59,4
DA:60,5
DA:61,1
DA:62,2
DA:63,2
DA:64,4
DA:66,6
DA:67,4
DA:68,10
DA:69,2
DA:70,2
DA:71,2
DA:72,2
DA:74,4
DA:76,2
DA:77,4
DA:79,6
DA:80,2
DA:84,2
DA:85,2
DA:86,2
DA:87,2
DA:89,4
DA:91,2
DA:92,4
DA:94,6
DA:95,1
DA:96,1
DA:97,3
DA:98,2
DA:99,1
DA:100,1
DA:101,3
DA:106,2
DA:107,2
DA:115,0
DA:117,1
DA:118,2
DA:119,1
DA:120,1
DA:123,2
DA:127,4
DA:128,2
DA:129,0
DA:133,4
DA:134,0
DA:135,0
DA:139,2
DA:140,4
DA:141,4
DA:144,0
LF:58
LH:53
end_of_record
SF:lib/features/tracker/domain/tracker_notifier_provider.dart
DA:16,2
DA:17,1
LF:2
LH:2
end_of_record
SF:lib/features/tracker/domain/tracker_state.dart
DA:23,1
DA:34,1
DA:38,1
DA:39,1
DA:40,0
DA:43,0
DA:45,0
LF:7
LH:4
end_of_record
SF:lib/features/tracker/domain/tracker_notifier.dart
DA:23,1
DA:27,1
DA:28,3
DA:30,1
DA:37,1
DA:38,3
DA:39,7
DA:46,1
DA:50,2
DA:51,1
DA:53,1
DA:57,1
LF:12
LH:12
end_of_record
